{"uid":"8ec67d82c36db846","name":"test_check_all_card_prices_brand_nothing","fullName":"tests.tests_catalog.test_smartphone_cards_have_prices.TestSmartphoneCardsHavePrices#test_check_all_card_prices_brand_nothing","historyId":"b00a128cb9d63d069db96a5b9385f24c","time":{"start":1760533768200,"stop":1760533768200,"duration":0},"status":"failed","statusMessage":"selene.core.exceptions.TimeoutException: Message: \n\nTimed out after 4s, while waiting for:\nbrowser.element(('css selector', '.home-hero__slider')).is visible\n\nReason: NoSuchElementException: no such element: Unable to locate element: {\"method\":\"css selector\",\"selector\":\".home-hero__slider\"}\n  (Session info: chrome=128.0.6613.137); For documentation on this error, please visit: https://www.selenium.dev/documentation/webdriver/troubleshooting/errors#nosuchelementexception\nScreenshot: file:///home/runner/.selene/screenshots/1760532622172/1760532622173.png\nPageSource: file:///home/runner/.selene/screenshots/1760532622172/1760532622173.html","statusTrace":"fn = <selene.core.condition.Condition object at 0x7f767d9c6d50>\n\n    def logic(fn: Callable[[E], R]) -> R:\n        finish_time = time.time() + self._timeout\n    \n        while True:\n            try:\n>               return fn(self.entity)\n                       ^^^^^^^^^^^^^^^\n\nentity     = <selene.core.entity.Element object at 0x7f767d9c6690>\nfailure    = TimeoutException('\\n\\nTimed out after 4s, while waiting for:\\nbrowser.element((\\'css selector\\', \\'.home-hero__slider\\')).is visible\\n\\nReason: NoSuchElementException: no such element: Unable to locate element: {\"method\":\"css selector\",\"selector\":\".home-hero__slider\"}\\n  (Session info: chrome=128.0.6613.137); For documentation on this error, please visit: https://www.selenium.dev/documentation/webdriver/troubleshooting/errors#nosuchelementexception')\nfinish_time = 1760533780.792986\nfn         = <selene.core.condition.Condition object at 0x7f767d9c6d50>\nfn_name    = 'is visible'\nreason_string = ('NoSuchElementException: no such element: Unable to locate element: '\n '{\"method\":\"css selector\",\"selector\":\".home-hero__slider\"}\\n'\n '  (Session info: chrome=128.0.6613.137); For documentation on this error, '\n 'please visit: '\n 'https://www.selenium.dev/documentation/webdriver/troubleshooting/errors#nosuchelementexception')\nself       = <selene.core.wait.Wait object at 0x7f767d9c6930>\ntimeout    = 4\n\n/opt/hostedtoolcache/Python/3.12.11/x64/lib/python3.12/site-packages/selene/core/wait.py:119: \n_ _ _ _ _ _ _ _ _ _ _ _ _ _ _ _ _ _ _ _ _ _ _ _ _ _ _ _ _ _ _ _ _ _ _ _ _ _ _ _ \n\nself = <selene.core.condition.Condition object at 0x7f767d9c6d50>\nentity = <selene.core.entity.Element object at 0x7f767d9c6690>\n\n    def __call__(self, entity: E) -> None:\n>       return self._fn(entity)\n               ^^^^^^^^^^^^^^^^\n\nentity     = <selene.core.entity.Element object at 0x7f767d9c6690>\nself       = <selene.core.condition.Condition object at 0x7f767d9c6d50>\n\n/opt/hostedtoolcache/Python/3.12.11/x64/lib/python3.12/site-packages/selene/core/condition.py:174: \n_ _ _ _ _ _ _ _ _ _ _ _ _ _ _ _ _ _ _ _ _ _ _ _ _ _ _ _ _ _ _ _ _ _ _ _ _ _ _ _ \n\nentity = <selene.core.entity.Element object at 0x7f767d9c6690>\n\n    def func(entity):\n        for condition in conditions:\n>           condition.call(entity)\n\ncondition  = <selene.core.conditions.ElementCondition object at 0x7f767e1ea390>\nconditions = (<selene.core.conditions.ElementCondition object at 0x7f767e1ea390>,)\nentity     = <selene.core.entity.Element object at 0x7f767d9c6690>\n\n/opt/hostedtoolcache/Python/3.12.11/x64/lib/python3.12/site-packages/selene/core/condition.py:52: \n_ _ _ _ _ _ _ _ _ _ _ _ _ _ _ _ _ _ _ _ _ _ _ _ _ _ _ _ _ _ _ _ _ _ _ _ _ _ _ _ \n\nself = <selene.core.conditions.ElementCondition object at 0x7f767e1ea390>\nentity = <selene.core.entity.Element object at 0x7f767d9c6690>\n\n    def call(self, entity: E) -> None:\n>       self.__call__(entity)\n\nentity     = <selene.core.entity.Element object at 0x7f767d9c6690>\nself       = <selene.core.conditions.ElementCondition object at 0x7f767e1ea390>\n\n/opt/hostedtoolcache/Python/3.12.11/x64/lib/python3.12/site-packages/selene/core/condition.py:155: \n_ _ _ _ _ _ _ _ _ _ _ _ _ _ _ _ _ _ _ _ _ _ _ _ _ _ _ _ _ _ _ _ _ _ _ _ _ _ _ _ \n\nself = <selene.core.conditions.ElementCondition object at 0x7f767e1ea390>\nentity = <selene.core.entity.Element object at 0x7f767d9c6690>\n\n    def __call__(self, entity: E) -> None:\n>       return self._fn(entity)\n               ^^^^^^^^^^^^^^^^\n\nentity     = <selene.core.entity.Element object at 0x7f767d9c6690>\nself       = <selene.core.conditions.ElementCondition object at 0x7f767e1ea390>\n\n/opt/hostedtoolcache/Python/3.12.11/x64/lib/python3.12/site-packages/selene/core/condition.py:174: \n_ _ _ _ _ _ _ _ _ _ _ _ _ _ _ _ _ _ _ _ _ _ _ _ _ _ _ _ _ _ _ _ _ _ _ _ _ _ _ _ \n\nentity = <selene.core.entity.Element object at 0x7f767d9c6690>\n\n    def fn(entity: E) -> None:\n>       if not predicate(entity):\n               ^^^^^^^^^^^^^^^^^\n\nentity     = <selene.core.entity.Element object at 0x7f767d9c6690>\npredicate  = <function <lambda> at 0x7f767e001a80>\n\n/opt/hostedtoolcache/Python/3.12.11/x64/lib/python3.12/site-packages/selene/core/condition.py:121: \n_ _ _ _ _ _ _ _ _ _ _ _ _ _ _ _ _ _ _ _ _ _ _ _ _ _ _ _ _ _ _ _ _ _ _ _ _ _ _ _ \n\nelement = <selene.core.entity.Element object at 0x7f767d9c6690>\n\n>       'is visible', lambda element: element().is_displayed()\n                                      ^^^^^^^^^\n    )\n\nelement    = <selene.core.entity.Element object at 0x7f767d9c6690>\n\n/opt/hostedtoolcache/Python/3.12.11/x64/lib/python3.12/site-packages/selene/core/match.py:38: \n_ _ _ _ _ _ _ _ _ _ _ _ _ _ _ _ _ _ _ _ _ _ _ _ _ _ _ _ _ _ _ _ _ _ _ _ _ _ _ _ \n\nself = <selene.core.entity.Element object at 0x7f767d9c6690>\n\n    def __call__(self) -> WebElement:\n>       return self.locate()\n               ^^^^^^^^^^^^^\n\nself       = <selene.core.entity.Element object at 0x7f767d9c6690>\n\n/opt/hostedtoolcache/Python/3.12.11/x64/lib/python3.12/site-packages/selene/core/entity.py:192: \n_ _ _ _ _ _ _ _ _ _ _ _ _ _ _ _ _ _ _ _ _ _ _ _ _ _ _ _ _ _ _ _ _ _ _ _ _ _ _ _ \n\nself = <selene.core.entity.Element object at 0x7f767d9c6690>\n\n    def locate(self) -> WebElement:\n>       return self._locator()\n               ^^^^^^^^^^^^^^^\n\nself       = <selene.core.entity.Element object at 0x7f767d9c6690>\n\n/opt/hostedtoolcache/Python/3.12.11/x64/lib/python3.12/site-packages/selene/core/entity.py:185: \n_ _ _ _ _ _ _ _ _ _ _ _ _ _ _ _ _ _ _ _ _ _ _ _ _ _ _ _ _ _ _ _ _ _ _ _ _ _ _ _ \n\nself = <selene.core.locator.Locator object at 0x7f767d9c6780>\n\n    def __call__(self) -> T:\n>       return self._locate()\n               ^^^^^^^^^^^^^^\n\nself       = <selene.core.locator.Locator object at 0x7f767d9c6780>\n\n/opt/hostedtoolcache/Python/3.12.11/x64/lib/python3.12/site-packages/selene/core/locator.py:34: \n_ _ _ _ _ _ _ _ _ _ _ _ _ _ _ _ _ _ _ _ _ _ _ _ _ _ _ _ _ _ _ _ _ _ _ _ _ _ _ _ \n\n>       Locator(f'{self}.element({by})', lambda: self.driver.find_element(*by)),\n                                                 ^^^^^^^^^^^^^^^^^^^^^^^^^^^^^\n        self.config,\n    )\n\nby         = ('css selector', '.home-hero__slider')\nself       = <selene.core._browser.Browser object at 0x7f767e0ea0c0>\n\n/opt/hostedtoolcache/Python/3.12.11/x64/lib/python3.12/site-packages/selene/core/_browser.py:71: \n_ _ _ _ _ _ _ _ _ _ _ _ _ _ _ _ _ _ _ _ _ _ _ _ _ _ _ _ _ _ _ _ _ _ _ _ _ _ _ _ \n\nself = <selenium.webdriver.remote.webdriver.WebDriver (session=\"b34a37765337c421442ae3d637a095ff\")>\nby = 'css selector', value = '.home-hero__slider'\n\n    def find_element(self, by=By.ID, value: Optional[str] = None) -> WebElement:\n        \"\"\"Find an element given a By strategy and locator.\n    \n        Parameters:\n        -----------\n        by : selenium.webdriver.common.by.By\n            The locating strategy to use. Default is `By.ID`. Supported values include:\n            - By.ID: Locate by element ID.\n            - By.NAME: Locate by the `name` attribute.\n            - By.XPATH: Locate by an XPath expression.\n            - By.CSS_SELECTOR: Locate by a CSS selector.\n            - By.CLASS_NAME: Locate by the `class` attribute.\n            - By.TAG_NAME: Locate by the tag name (e.g., \"input\", \"button\").\n            - By.LINK_TEXT: Locate a link element by its exact text.\n            - By.PARTIAL_LINK_TEXT: Locate a link element by partial text match.\n            - RelativeBy: Locate elements relative to a specified root element.\n    \n        Example:\n        --------\n        element = driver.find_element(By.ID, 'foo')\n    \n        Returns:\n        -------\n        WebElement\n            The first matching `WebElement` found on the page.\n        \"\"\"\n        by, value = self.locator_converter.convert(by, value)\n    \n        if isinstance(by, RelativeBy):\n            elements = self.find_elements(by=by, value=value)\n            if not elements:\n                raise NoSuchElementException(f\"Cannot locate relative element with: {by.root}\")\n            return elements[0]\n    \n>       return self.execute(Command.FIND_ELEMENT, {\"using\": by, \"value\": value})[\"value\"]\n               ^^^^^^^^^^^^^^^^^^^^^^^^^^^^^^^^^^^^^^^^^^^^^^^^^^^^^^^^^^^^^^^^^\n\nby         = 'css selector'\nself       = <selenium.webdriver.remote.webdriver.WebDriver (session=\"b34a37765337c421442ae3d637a095ff\")>\nvalue      = '.home-hero__slider'\n\n/opt/hostedtoolcache/Python/3.12.11/x64/lib/python3.12/site-packages/selenium/webdriver/remote/webdriver.py:926: \n_ _ _ _ _ _ _ _ _ _ _ _ _ _ _ _ _ _ _ _ _ _ _ _ _ _ _ _ _ _ _ _ _ _ _ _ _ _ _ _ \n\nself = <selenium.webdriver.remote.webdriver.WebDriver (session=\"b34a37765337c421442ae3d637a095ff\")>\ndriver_command = 'findElement'\nparams = {'using': 'css selector', 'value': '.home-hero__slider'}\n\n    def execute(self, driver_command: str, params: Optional[dict[str, Any]] = None) -> dict[str, Any]:\n        \"\"\"Sends a command to be executed by a command.CommandExecutor.\n    \n        Parameters:\n        -----------\n        driver_command : str\n            - The name of the command to execute as a string.\n    \n        params : dict\n            - A dictionary of named Parameters to send with the command.\n    \n        Returns:\n        --------\n          dict - The command's JSON response loaded into a dictionary object.\n        \"\"\"\n        params = self._wrap_value(params)\n    \n        if self.session_id:\n            if not params:\n                params = {\"sessionId\": self.session_id}\n            elif \"sessionId\" not in params:\n                params[\"sessionId\"] = self.session_id\n    \n        response = cast(RemoteConnection, self.command_executor).execute(driver_command, params)\n    \n        if response:\n>           self.error_handler.check_response(response)\n\ndriver_command = 'findElement'\nparams     = {'using': 'css selector', 'value': '.home-hero__slider'}\nresponse   = {'status': 404,\n 'value': '{\"value\":{\"error\":\"no such element\",\"message\":\"no such element: '\n          'Unable to locate element: {\\\\\"method\\\\\":\\\\\"css '\n          'selector\\\\\",\\\\\"selector\\\\\":\\\\\".home-hero__slider\\\\\"}\\\\n  (Session '\n          'info: chrome=128.0.6613.137)\",\"stacktrace\":\"#0 0x563de0c260ca '\n          '\\\\u003Cunknown>\\\\n#1 0x563de08f22b0 \\\\u003Cunknown>\\\\n#2 '\n          '0x563de0941b22 \\\\u003Cunknown>\\\\n#3 0x563de0941dc1 '\n          '\\\\u003Cunknown>\\\\n#4 0x563de0987994 \\\\u003Cunknown>\\\\n#5 '\n          '0x563de096692d \\\\u003Cunknown>\\\\n#6 0x563de0984e26 '\n          '\\\\u003Cunknown>\\\\n#7 0x563de09666a3 \\\\u003Cunknown>\\\\n#8 '\n          '0x563de09344f3 \\\\u003Cunknown>\\\\n#9 0x563de09354fe '\n          '\\\\u003Cunknown>\\\\n#10 0x563de0becd7b \\\\u003Cunknown>\\\\n#11 '\n          '0x563de0bf0d31 \\\\u003Cunknown>\\\\n#12 0x563de0bd8c85 '\n          '\\\\u003Cunknown>\\\\n#13 0x563de0bf18a2 \\\\u003Cunknown>\\\\n#14 '\n          '0x563de0bbde1f \\\\u003Cunknown>\\\\n#15 0x563de0c14e48 '\n          '\\\\u003Cunknown>\\\\n#16 0x563de0c15013 \\\\u003Cunknown>\\\\n#17 '\n          '0x563de0c24ebc \\\\u003Cunknown>\\\\n#18 0x7f0773c17ac3 '\n          '\\\\u003Cunknown>\\\\n\"}}'}\nself       = <selenium.webdriver.remote.webdriver.WebDriver (session=\"b34a37765337c421442ae3d637a095ff\")>\n\n/opt/hostedtoolcache/Python/3.12.11/x64/lib/python3.12/site-packages/selenium/webdriver/remote/webdriver.py:458: \n_ _ _ _ _ _ _ _ _ _ _ _ _ _ _ _ _ _ _ _ _ _ _ _ _ _ _ _ _ _ _ _ _ _ _ _ _ _ _ _ \n\nself = <selenium.webdriver.remote.errorhandler.ErrorHandler object at 0x7f767f20bd10>\nresponse = {'status': 404, 'value': '{\"value\":{\"error\":\"no such element\",\"message\":\"no such element: Unable to locate element: {\\...\\\\n#16 0x563de0c15013 \\\\u003Cunknown>\\\\n#17 0x563de0c24ebc \\\\u003Cunknown>\\\\n#18 0x7f0773c17ac3 \\\\u003Cunknown>\\\\n\"}}'}\n\n    def check_response(self, response: dict[str, Any]) -> None:\n        \"\"\"Checks that a JSON response from the WebDriver does not have an\n        error.\n    \n        :Args:\n         - response - The JSON response from the WebDriver server as a dictionary\n           object.\n    \n        :Raises: If the response contains an error message.\n        \"\"\"\n        status = response.get(\"status\", None)\n        if not status or status == ErrorCode.SUCCESS:\n            return\n        value = None\n        message = response.get(\"message\", \"\")\n        screen: str = response.get(\"screen\", \"\")\n        stacktrace = None\n        if isinstance(status, int):\n            value_json = response.get(\"value\", None)\n            if value_json and isinstance(value_json, str):\n                try:\n                    value = json.loads(value_json)\n                    if isinstance(value, dict):\n                        if len(value) == 1:\n                            value = value[\"value\"]\n                        status = value.get(\"error\", None)\n                        if not status:\n                            status = value.get(\"status\", ErrorCode.UNKNOWN_ERROR)\n                            message = value.get(\"value\") or value.get(\"message\")\n                            if not isinstance(message, str):\n                                value = message\n                                message = message.get(\"message\")\n                        else:\n                            message = value.get(\"message\", None)\n                except ValueError:\n                    pass\n    \n        exception_class: type[WebDriverException]\n        e = ErrorCode()\n        error_codes = [item for item in dir(e) if not item.startswith(\"__\")]\n        for error_code in error_codes:\n            error_info = getattr(ErrorCode, error_code)\n            if isinstance(error_info, list) and status in error_info:\n                exception_class = getattr(ExceptionMapping, error_code, WebDriverException)\n                break\n        else:\n            exception_class = WebDriverException\n    \n        if not value:\n            value = response[\"value\"]\n        if isinstance(value, str):\n            raise exception_class(value)\n        if message == \"\" and \"message\" in value:\n            message = value[\"message\"]\n    \n        screen = None  # type: ignore[assignment]\n        if \"screen\" in value:\n            screen = value[\"screen\"]\n    \n        stacktrace = None\n        st_value = value.get(\"stackTrace\") or value.get(\"stacktrace\")\n        if st_value:\n            if isinstance(st_value, str):\n                stacktrace = st_value.split(\"\\n\")\n            else:\n                stacktrace = []\n                try:\n                    for frame in st_value:\n                        line = frame.get(\"lineNumber\", \"\")\n                        file = frame.get(\"fileName\", \"<anonymous>\")\n                        if line:\n                            file = f\"{file}:{line}\"\n                        meth = frame.get(\"methodName\", \"<anonymous>\")\n                        if \"className\" in frame:\n                            meth = f\"{frame['className']}.{meth}\"\n                        msg = \"    at %s (%s)\"\n                        msg = msg % (meth, file)\n                        stacktrace.append(msg)\n                except TypeError:\n                    pass\n        if exception_class == UnexpectedAlertPresentException:\n            alert_text = None\n            if \"data\" in value:\n                alert_text = value[\"data\"].get(\"text\")\n            elif \"alert\" in value:\n                alert_text = value[\"alert\"].get(\"text\")\n            raise exception_class(message, screen, stacktrace, alert_text)  # type: ignore[call-arg]  # mypy is not smart enough here\n>       raise exception_class(message, screen, stacktrace)\nE       selenium.common.exceptions.NoSuchElementException: Message: no such element: Unable to locate element: {\"method\":\"css selector\",\"selector\":\".home-hero__slider\"}\nE         (Session info: chrome=128.0.6613.137); For documentation on this error, please visit: https://www.selenium.dev/documentation/webdriver/troubleshooting/errors#nosuchelementexception\nE       Stacktrace:\nE       #0 0x563de0c260ca <unknown>\nE       #1 0x563de08f22b0 <unknown>\nE       #2 0x563de0941b22 <unknown>\nE       #3 0x563de0941dc1 <unknown>\nE       #4 0x563de0987994 <unknown>\nE       #5 0x563de096692d <unknown>\nE       #6 0x563de0984e26 <unknown>\nE       #7 0x563de09666a3 <unknown>\nE       #8 0x563de09344f3 <unknown>\nE       #9 0x563de09354fe <unknown>\nE       #10 0x563de0becd7b <unknown>\nE       #11 0x563de0bf0d31 <unknown>\nE       #12 0x563de0bd8c85 <unknown>\nE       #13 0x563de0bf18a2 <unknown>\nE       #14 0x563de0bbde1f <unknown>\nE       #15 0x563de0c14e48 <unknown>\nE       #16 0x563de0c15013 <unknown>\nE       #17 0x563de0c24ebc <unknown>\nE       #18 0x7f0773c17ac3 <unknown>\n\ne          = <selenium.webdriver.remote.errorhandler.ErrorCode object at 0x7f767d9fb0b0>\nerror_code = 'NO_SUCH_ELEMENT'\nerror_codes = ['DETACHED_SHADOW_ROOT',\n 'ELEMENT_CLICK_INTERCEPTED',\n 'ELEMENT_IS_NOT_SELECTABLE',\n 'ELEMENT_NOT_INTERACTABLE',\n 'ELEMENT_NOT_VISIBLE',\n 'IME_ENGINE_ACTIVATION_FAILED',\n 'IME_NOT_AVAILABLE',\n 'INSECURE_CERTIFICATE',\n 'INVALID_ARGUMENT',\n 'INVALID_COOKIE_DOMAIN',\n 'INVALID_COORDINATES',\n 'INVALID_ELEMENT_COORDINATES',\n 'INVALID_ELEMENT_STATE',\n 'INVALID_SELECTOR',\n 'INVALID_SESSION_ID',\n 'INVALID_XPATH_SELECTOR',\n 'INVALID_XPATH_SELECTOR_RETURN_TYPER',\n 'JAVASCRIPT_ERROR',\n 'METHOD_NOT_ALLOWED',\n 'MOVE_TARGET_OUT_OF_BOUNDS',\n 'NO_ALERT_OPEN',\n 'NO_SUCH_COOKIE',\n 'NO_SUCH_ELEMENT',\n 'NO_SUCH_FRAME',\n 'NO_SUCH_SHADOW_ROOT',\n 'NO_SUCH_WINDOW',\n 'SCRIPT_TIMEOUT',\n 'SESSION_NOT_CREATED',\n 'STALE_ELEMENT_REFERENCE',\n 'SUCCESS',\n 'TIMEOUT',\n 'UNABLE_TO_CAPTURE_SCREEN',\n 'UNABLE_TO_SET_COOKIE',\n 'UNEXPECTED_ALERT_OPEN',\n 'UNKNOWN_COMMAND',\n 'UNKNOWN_ERROR',\n 'UNKNOWN_METHOD',\n 'XPATH_LOOKUP_ERROR']\nerror_info = [7, 'no such element']\nexception_class = <class 'selenium.common.exceptions.NoSuchElementException'>\nmessage    = ('no such element: Unable to locate element: {\"method\":\"css '\n 'selector\",\"selector\":\".home-hero__slider\"}\\n'\n '  (Session info: chrome=128.0.6613.137)')\nresponse   = {'status': 404,\n 'value': '{\"value\":{\"error\":\"no such element\",\"message\":\"no such element: '\n          'Unable to locate element: {\\\\\"method\\\\\":\\\\\"css '\n          'selector\\\\\",\\\\\"selector\\\\\":\\\\\".home-hero__slider\\\\\"}\\\\n  (Session '\n          'info: chrome=128.0.6613.137)\",\"stacktrace\":\"#0 0x563de0c260ca '\n          '\\\\u003Cunknown>\\\\n#1 0x563de08f22b0 \\\\u003Cunknown>\\\\n#2 '\n          '0x563de0941b22 \\\\u003Cunknown>\\\\n#3 0x563de0941dc1 '\n          '\\\\u003Cunknown>\\\\n#4 0x563de0987994 \\\\u003Cunknown>\\\\n#5 '\n          '0x563de096692d \\\\u003Cunknown>\\\\n#6 0x563de0984e26 '\n          '\\\\u003Cunknown>\\\\n#7 0x563de09666a3 \\\\u003Cunknown>\\\\n#8 '\n          '0x563de09344f3 \\\\u003Cunknown>\\\\n#9 0x563de09354fe '\n          '\\\\u003Cunknown>\\\\n#10 0x563de0becd7b \\\\u003Cunknown>\\\\n#11 '\n          '0x563de0bf0d31 \\\\u003Cunknown>\\\\n#12 0x563de0bd8c85 '\n          '\\\\u003Cunknown>\\\\n#13 0x563de0bf18a2 \\\\u003Cunknown>\\\\n#14 '\n          '0x563de0bbde1f \\\\u003Cunknown>\\\\n#15 0x563de0c14e48 '\n          '\\\\u003Cunknown>\\\\n#16 0x563de0c15013 \\\\u003Cunknown>\\\\n#17 '\n          '0x563de0c24ebc \\\\u003Cunknown>\\\\n#18 0x7f0773c17ac3 '\n          '\\\\u003Cunknown>\\\\n\"}}'}\nscreen     = None\nself       = <selenium.webdriver.remote.errorhandler.ErrorHandler object at 0x7f767f20bd10>\nst_value   = ('#0 0x563de0c260ca <unknown>\\n'\n '#1 0x563de08f22b0 <unknown>\\n'\n '#2 0x563de0941b22 <unknown>\\n'\n '#3 0x563de0941dc1 <unknown>\\n'\n '#4 0x563de0987994 <unknown>\\n'\n '#5 0x563de096692d <unknown>\\n'\n '#6 0x563de0984e26 <unknown>\\n'\n '#7 0x563de09666a3 <unknown>\\n'\n '#8 0x563de09344f3 <unknown>\\n'\n '#9 0x563de09354fe <unknown>\\n'\n '#10 0x563de0becd7b <unknown>\\n'\n '#11 0x563de0bf0d31 <unknown>\\n'\n '#12 0x563de0bd8c85 <unknown>\\n'\n '#13 0x563de0bf18a2 <unknown>\\n'\n '#14 0x563de0bbde1f <unknown>\\n'\n '#15 0x563de0c14e48 <unknown>\\n'\n '#16 0x563de0c15013 <unknown>\\n'\n '#17 0x563de0c24ebc <unknown>\\n'\n '#18 0x7f0773c17ac3 <unknown>\\n')\nstacktrace = ['#0 0x563de0c260ca <unknown>',\n '#1 0x563de08f22b0 <unknown>',\n '#2 0x563de0941b22 <unknown>',\n '#3 0x563de0941dc1 <unknown>',\n '#4 0x563de0987994 <unknown>',\n '#5 0x563de096692d <unknown>',\n '#6 0x563de0984e26 <unknown>',\n '#7 0x563de09666a3 <unknown>',\n '#8 0x563de09344f3 <unknown>',\n '#9 0x563de09354fe <unknown>',\n '#10 0x563de0becd7b <unknown>',\n '#11 0x563de0bf0d31 <unknown>',\n '#12 0x563de0bd8c85 <unknown>',\n '#13 0x563de0bf18a2 <unknown>',\n '#14 0x563de0bbde1f <unknown>',\n '#15 0x563de0c14e48 <unknown>',\n '#16 0x563de0c15013 <unknown>',\n '#17 0x563de0c24ebc <unknown>',\n '#18 0x7f0773c17ac3 <unknown>',\n '']\nstatus     = 'no such element'\nvalue      = {'error': 'no such element',\n 'message': 'no such element: Unable to locate element: {\"method\":\"css '\n            'selector\",\"selector\":\".home-hero__slider\"}\\n'\n            '  (Session info: chrome=128.0.6613.137)',\n 'stacktrace': '#0 0x563de0c260ca <unknown>\\n'\n               '#1 0x563de08f22b0 <unknown>\\n'\n               '#2 0x563de0941b22 <unknown>\\n'\n               '#3 0x563de0941dc1 <unknown>\\n'\n               '#4 0x563de0987994 <unknown>\\n'\n               '#5 0x563de096692d <unknown>\\n'\n               '#6 0x563de0984e26 <unknown>\\n'\n               '#7 0x563de09666a3 <unknown>\\n'\n               '#8 0x563de09344f3 <unknown>\\n'\n               '#9 0x563de09354fe <unknown>\\n'\n               '#10 0x563de0becd7b <unknown>\\n'\n               '#11 0x563de0bf0d31 <unknown>\\n'\n               '#12 0x563de0bd8c85 <unknown>\\n'\n               '#13 0x563de0bf18a2 <unknown>\\n'\n               '#14 0x563de0bbde1f <unknown>\\n'\n               '#15 0x563de0c14e48 <unknown>\\n'\n               '#16 0x563de0c15013 <unknown>\\n'\n               '#17 0x563de0c24ebc <unknown>\\n'\n               '#18 0x7f0773c17ac3 <unknown>\\n'}\nvalue_json = ('{\"value\":{\"error\":\"no such element\",\"message\":\"no such element: Unable to '\n 'locate element: {\\\\\"method\\\\\":\\\\\"css '\n 'selector\\\\\",\\\\\"selector\\\\\":\\\\\".home-hero__slider\\\\\"}\\\\n  (Session info: '\n 'chrome=128.0.6613.137)\",\"stacktrace\":\"#0 0x563de0c260ca \\\\u003Cunknown>\\\\n#1 '\n '0x563de08f22b0 \\\\u003Cunknown>\\\\n#2 0x563de0941b22 \\\\u003Cunknown>\\\\n#3 '\n '0x563de0941dc1 \\\\u003Cunknown>\\\\n#4 0x563de0987994 \\\\u003Cunknown>\\\\n#5 '\n '0x563de096692d \\\\u003Cunknown>\\\\n#6 0x563de0984e26 \\\\u003Cunknown>\\\\n#7 '\n '0x563de09666a3 \\\\u003Cunknown>\\\\n#8 0x563de09344f3 \\\\u003Cunknown>\\\\n#9 '\n '0x563de09354fe \\\\u003Cunknown>\\\\n#10 0x563de0becd7b \\\\u003Cunknown>\\\\n#11 '\n '0x563de0bf0d31 \\\\u003Cunknown>\\\\n#12 0x563de0bd8c85 \\\\u003Cunknown>\\\\n#13 '\n '0x563de0bf18a2 \\\\u003Cunknown>\\\\n#14 0x563de0bbde1f \\\\u003Cunknown>\\\\n#15 '\n '0x563de0c14e48 \\\\u003Cunknown>\\\\n#16 0x563de0c15013 \\\\u003Cunknown>\\\\n#17 '\n '0x563de0c24ebc \\\\u003Cunknown>\\\\n#18 0x7f0773c17ac3 \\\\u003Cunknown>\\\\n\"}}')\n\n/opt/hostedtoolcache/Python/3.12.11/x64/lib/python3.12/site-packages/selenium/webdriver/remote/errorhandler.py:232: NoSuchElementException\n\nDuring handling of the above exception, another exception occurred:\n\n    @pytest.fixture(scope=\"function\")\n    def full_opening_home_page():\n        \"\"\"\n        1. Открываем главную страницу\n        2. Проверяем что главная страница открылась\n        3. Принимаем cookies\n        4. Закрываем плашку локации нажимая на крестик\n        \"\"\"\n        return (cm_store.home_page\n                .open()\n>               .is_opened()\n                 ^^^^^^^^^^^\n                .accept_cookie()\n                .close_location_box())\n\n\ntests/conftest.py:16: \n_ _ _ _ _ _ _ _ _ _ _ _ _ _ _ _ _ _ _ _ _ _ _ _ _ _ _ _ _ _ _ _ _ _ _ _ _ _ _ _ \n\nself = <pages.home_page.home_page.HomePage object at 0x7f767feafc20>\n\n    @step(\"Проверяем что главная страница открылась\")\n    def is_opened(self) -> 'HomePage':\n>       s(self.slider).should(EC.by_and(be.visible))\n\nself       = <pages.home_page.home_page.HomePage object at 0x7f767feafc20>\n\npages/home_page/home_page.py:36: \n_ _ _ _ _ _ _ _ _ _ _ _ _ _ _ _ _ _ _ _ _ _ _ _ _ _ _ _ _ _ _ _ _ _ _ _ _ _ _ _ \n\nself = <selene.core.entity.Element object at 0x7f767d9c6690>\ncondition = <selene.core.condition.Condition object at 0x7f767d9c6d50>\n\n    def should(self, condition: Condition[E]) -> E:\n>       self.wait.for_(condition)\n\ncondition  = <selene.core.condition.Condition object at 0x7f767d9c6d50>\nself       = <selene.core.entity.Element object at 0x7f767d9c6690>\n\n/opt/hostedtoolcache/Python/3.12.11/x64/lib/python3.12/site-packages/selene/core/entity.py:132: \n_ _ _ _ _ _ _ _ _ _ _ _ _ _ _ _ _ _ _ _ _ _ _ _ _ _ _ _ _ _ _ _ _ _ _ _ _ _ _ _ \n\nself = <selene.core.wait.Wait object at 0x7f767d9c6930>\nfn = <selene.core.condition.Condition object at 0x7f767d9c6d50>\n\n    def for_(self, fn: Callable[[E], R]) -> R:\n        def logic(fn: Callable[[E], R]) -> R:\n            finish_time = time.time() + self._timeout\n    \n            while True:\n                try:\n                    return fn(self.entity)\n                except Exception as reason:\n                    if time.time() > finish_time:\n                        reason_string = '{name}: {message}'.format(\n                            name=reason.__class__.__name__,\n                            message=getattr(reason, \"msg\", str(reason)),\n                        )\n                        # TODO: think on how can we improve logging failures in selene, e.g. reverse msg and stacktrace\n                        # stacktrace = getattr(reason, 'stacktrace', None)\n                        # TODO: should we have an option to turn on stacktrace logging?\n                        timeout = self._timeout\n                        entity = self.entity\n    \n                        # if it's a normal function, it should have __qualname__,\n                        # then use it, otherwise use str(fn)\n                        fn_name = getattr(\n                            fn,\n                            '__qualname__',\n                            getattr(fn, '__str__', lambda: str(fn))(),\n                        )\n    \n                        failure = TimeoutException(\n                            f'\\n'\n                            f'\\nTimed out after {timeout}s, while waiting for:'\n                            f'\\n{entity}.{fn_name}'\n                            f'\\n'\n                            f'\\nReason: {reason_string}'\n                        )\n    \n                        raise self._hook_failure(failure)\n    \n>       return self._decorator(self)(logic)(fn)\n               ^^^^^^^^^^^^^^^^^^^^^^^^^^^^^^^^\n\nfn         = <selene.core.condition.Condition object at 0x7f767d9c6d50>\nlogic      = <function Wait.for_.<locals>.logic at 0x7f767d7ec220>\nself       = <selene.core.wait.Wait object at 0x7f767d9c6930>\n\n/opt/hostedtoolcache/Python/3.12.11/x64/lib/python3.12/site-packages/selene/core/wait.py:150: \n_ _ _ _ _ _ _ _ _ _ _ _ _ _ _ _ _ _ _ _ _ _ _ _ _ _ _ _ _ _ _ _ _ _ _ _ _ _ _ _ \n\nfn = <selene.core.condition.Condition object at 0x7f767d9c6d50>\n\n    def decorated(fn):\n        title = f'{wait.entity}: {fn}'\n    \n        def translate(initial: str, item: Tuple[str, str]):\n            old, new = item\n            return initial.replace(old, new)\n    \n        translated_title = reduce(\n            translate,\n            translations,\n            title,\n        )\n    \n        with context(title=translated_title, params={}):\n>           return for_(fn)\n                   ^^^^^^^^\n\ncontext    = <class 'allure_commons._allure.StepContext'>\nfn         = <selene.core.condition.Condition object at 0x7f767d9c6d50>\nfor_       = <function Wait.for_.<locals>.logic at 0x7f767d7ec220>\ntitle      = \"browser.element(('css selector', '.home-hero__slider')): is visible\"\ntranslate  = <function wait_with.<locals>.decorator_factory.<locals>.decorator.<locals>.decorated.<locals>.translate at 0x7f767d7ed760>\ntranslated_title = \"element('.home-hero__slider'): should be visible\"\ntranslations = (('browser.element', 'element'),\n ('browser.all', 'all'),\n (\"'css selector', \", ''),\n ('((', '('),\n ('))', ')'),\n (': has ', ': have '),\n (': have ', ': should have '),\n (': is ', ': should be '),\n (' and is ', ' and be '),\n (' and has ', ' and have '),\n (\"('\\\\ue000',)\", 'NULL'),\n (\"('\\\\ue001',)\", 'CANCEL'),\n (\"('\\\\ue002',)\", 'HELP'),\n (\"('\\\\ue003',)\", 'BACKSPACE'),\n (\"('\\\\ue003',)\", 'BACK_SPACE'),\n (\"('\\\\ue004',)\", 'TAB'),\n (\"('\\\\ue005',)\", 'CLEAR'),\n (\"('\\\\ue006',)\", 'RETURN'),\n (\"('\\\\ue007',)\", 'ENTER'),\n (\"('\\\\ue008',)\", 'SHIFT'),\n (\"('\\\\ue008',)\", 'LEFT_SHIFT'),\n (\"('\\\\ue050',)\", 'RIGHT_SHIFT'),\n (\"('\\\\ue009',)\", 'CONTROL'),\n (\"('\\\\ue009',)\", 'LEFT_CONTROL'),\n (\"('\\\\ue051',)\", 'RIGHT_CONTROL'),\n (\"('\\\\ue00a',)\", 'ALT'),\n (\"('\\\\ue00a',)\", 'LEFT_ALT'),\n (\"('\\\\ue052',)\", 'RIGHT_ALT'),\n (\"('\\\\ue00b',)\", 'PAUSE'),\n (\"('\\\\ue00c',)\", 'ESCAPE'),\n (\"('\\\\ue00d',)\", 'SPACE'),\n (\"('\\\\ue00e',)\", 'PAGE_UP'),\n (\"('\\\\ue00f',)\", 'PAGE_DOWN'),\n (\"('\\\\ue010',)\", 'END'),\n (\"('\\\\ue011',)\", 'HOME'),\n (\"('\\\\ue012',)\", 'LEFT'),\n (\"('\\\\ue012',)\", 'ARROW_LEFT'),\n (\"('\\\\ue013',)\", 'UP'),\n (\"('\\\\ue013',)\", 'ARROW_UP'),\n (\"('\\\\ue014',)\", 'RIGHT'),\n (\"('\\\\ue014',)\", 'ARROW_RIGHT'),\n (\"('\\\\ue015',)\", 'DOWN'),\n (\"('\\\\ue015',)\", 'ARROW_DOWN'),\n (\"('\\\\ue016',)\", 'INSERT'),\n (\"('\\\\ue017',)\", 'DELETE'),\n (\"('\\\\ue018',)\", 'SEMICOLON'),\n (\"('\\\\ue019',)\", 'EQUALS'),\n (\"('\\\\ue01a',)\", 'NUMPAD0'),\n (\"('\\\\ue01b',)\", 'NUMPAD1'),\n (\"('\\\\ue01c',)\", 'NUMPAD2'),\n (\"('\\\\ue01d',)\", 'NUMPAD3'),\n (\"('\\\\ue01e',)\", 'NUMPAD4'),\n (\"('\\\\ue01f',)\", 'NUMPAD5'),\n (\"('\\\\ue020',)\", 'NUMPAD6'),\n (\"('\\\\ue021',)\", 'NUMPAD7'),\n (\"('\\\\ue022',)\", 'NUMPAD8'),\n (\"('\\\\ue023',)\", 'NUMPAD9'),\n (\"('\\\\ue024',)\", 'MULTIPLY'),\n (\"('\\\\ue025',)\", 'ADD'),\n (\"('\\\\ue026',)\", 'SEPARATOR'),\n (\"('\\\\ue027',)\", 'SUBTRACT'),\n (\"('\\\\ue028',)\", 'DECIMAL'),\n (\"('\\\\ue029',)\", 'DIVIDE'),\n (\"('\\\\ue031',)\", 'F1'),\n (\"('\\\\ue032',)\", 'F2'),\n (\"('\\\\ue033',)\", 'F3'),\n (\"('\\\\ue034',)\", 'F4'),\n (\"('\\\\ue035',)\", 'F5'),\n (\"('\\\\ue036',)\", 'F6'),\n (\"('\\\\ue037',)\", 'F7'),\n (\"('\\\\ue038',)\", 'F8'),\n (\"('\\\\ue039',)\", 'F9'),\n (\"('\\\\ue03a',)\", 'F10'),\n (\"('\\\\ue03b',)\", 'F11'),\n (\"('\\\\ue03c',)\", 'F12'),\n (\"('\\\\ue03d',)\", 'META'),\n (\"('\\\\ue03d',)\", 'LEFT_META'),\n (\"('\\\\ue053',)\", 'RIGHT_META'),\n (\"('\\\\ue03d',)\", 'COMMAND'),\n (\"('\\\\ue03d',)\", 'LEFT_COMMAND'),\n (\"('\\\\ue040',)\", 'ZENKAKU_HANKAKU'),\n (\"('\\\\ue00a',)\", 'LEFT_OPTION'),\n (\"('\\\\ue052',)\", 'RIGHT_OPTION'))\nwait       = <selene.core.wait.Wait object at 0x7f767d9c6930>\n\n/opt/hostedtoolcache/Python/3.12.11/x64/lib/python3.12/site-packages/selene/support/_logging.py:104: \n_ _ _ _ _ _ _ _ _ _ _ _ _ _ _ _ _ _ _ _ _ _ _ _ _ _ _ _ _ _ _ _ _ _ _ _ _ _ _ _ \n\nfn = <selene.core.condition.Condition object at 0x7f767d9c6d50>\n\n    def logic(fn: Callable[[E], R]) -> R:\n        finish_time = time.time() + self._timeout\n    \n        while True:\n            try:\n                return fn(self.entity)\n            except Exception as reason:\n                if time.time() > finish_time:\n                    reason_string = '{name}: {message}'.format(\n                        name=reason.__class__.__name__,\n                        message=getattr(reason, \"msg\", str(reason)),\n                    )\n                    # TODO: think on how can we improve logging failures in selene, e.g. reverse msg and stacktrace\n                    # stacktrace = getattr(reason, 'stacktrace', None)\n                    # TODO: should we have an option to turn on stacktrace logging?\n                    timeout = self._timeout\n                    entity = self.entity\n    \n                    # if it's a normal function, it should have __qualname__,\n                    # then use it, otherwise use str(fn)\n                    fn_name = getattr(\n                        fn,\n                        '__qualname__',\n                        getattr(fn, '__str__', lambda: str(fn))(),\n                    )\n    \n                    failure = TimeoutException(\n                        f'\\n'\n                        f'\\nTimed out after {timeout}s, while waiting for:'\n                        f'\\n{entity}.{fn_name}'\n                        f'\\n'\n                        f'\\nReason: {reason_string}'\n                    )\n    \n>                   raise self._hook_failure(failure)\nE                   selene.core.exceptions.TimeoutException: Message: \nE                   \nE                   Timed out after 4s, while waiting for:\nE                   browser.element(('css selector', '.home-hero__slider')).is visible\nE                   \nE                   Reason: NoSuchElementException: no such element: Unable to locate element: {\"method\":\"css selector\",\"selector\":\".home-hero__slider\"}\nE                     (Session info: chrome=128.0.6613.137); For documentation on this error, please visit: https://www.selenium.dev/documentation/webdriver/troubleshooting/errors#nosuchelementexception\nE                   Screenshot: file:///home/runner/.selene/screenshots/1760532622172/1760532622173.png\nE                   PageSource: file:///home/runner/.selene/screenshots/1760532622172/1760532622173.html\n\nentity     = <selene.core.entity.Element object at 0x7f767d9c6690>\nfailure    = TimeoutException('\\n\\nTimed out after 4s, while waiting for:\\nbrowser.element((\\'css selector\\', \\'.home-hero__slider\\')).is visible\\n\\nReason: NoSuchElementException: no such element: Unable to locate element: {\"method\":\"css selector\",\"selector\":\".home-hero__slider\"}\\n  (Session info: chrome=128.0.6613.137); For documentation on this error, please visit: https://www.selenium.dev/documentation/webdriver/troubleshooting/errors#nosuchelementexception')\nfinish_time = 1760533780.792986\nfn         = <selene.core.condition.Condition object at 0x7f767d9c6d50>\nfn_name    = 'is visible'\nreason_string = ('NoSuchElementException: no such element: Unable to locate element: '\n '{\"method\":\"css selector\",\"selector\":\".home-hero__slider\"}\\n'\n '  (Session info: chrome=128.0.6613.137); For documentation on this error, '\n 'please visit: '\n 'https://www.selenium.dev/documentation/webdriver/troubleshooting/errors#nosuchelementexception')\nself       = <selene.core.wait.Wait object at 0x7f767d9c6930>\ntimeout    = 4\n\n/opt/hostedtoolcache/Python/3.12.11/x64/lib/python3.12/site-packages/selene/core/wait.py:148: TimeoutException","flaky":false,"newFailed":true,"newBroken":false,"newPassed":false,"retriesCount":0,"retriesStatusChange":false,"beforeStages":[{"name":"load_environment","time":{"start":1760532622536,"stop":1760532622537,"duration":1},"status":"passed","steps":[],"attachments":[],"parameters":[],"shouldDisplayMessage":false,"stepsCount":0,"attachmentsCount":0,"hasContent":false,"attachmentStep":false},{"name":"context","time":{"start":1760533768200,"stop":1760533768200,"duration":0},"status":"passed","steps":[],"attachments":[],"parameters":[],"shouldDisplayMessage":false,"stepsCount":0,"attachmentsCount":0,"hasContent":false,"attachmentStep":false},{"name":"browser_settings","time":{"start":1760533768201,"stop":1760533775010,"duration":6809},"status":"passed","steps":[{"name":"Настройка параметров браузера","time":{"start":1760533768201,"stop":1760533775010,"duration":6809},"status":"passed","steps":[],"attachments":[],"parameters":[],"shouldDisplayMessage":false,"stepsCount":0,"attachmentsCount":0,"hasContent":false,"attachmentStep":false}],"attachments":[],"parameters":[],"shouldDisplayMessage":false,"stepsCount":1,"attachmentsCount":0,"hasContent":true,"attachmentStep":false},{"name":"full_opening_home_page","time":{"start":1760533775010,"stop":1760533782870,"duration":7860},"status":"failed","statusMessage":"selene.core.exceptions.TimeoutException: Message: \n\nTimed out after 4s, while waiting for:\nbrowser.element(('css selector', '.home-hero__slider')).is visible\n\nReason: NoSuchElementException: no such element: Unable to locate element: {\"method\":\"css selector\",\"selector\":\".home-hero__slider\"}\n  (Session info: chrome=128.0.6613.137); For documentation on this error, please visit: https://www.selenium.dev/documentation/webdriver/troubleshooting/errors#nosuchelementexception\nScreenshot: file:///home/runner/.selene/screenshots/1760532622172/1760532622173.png\nPageSource: file:///home/runner/.selene/screenshots/1760532622172/1760532622173.html\n\n","statusTrace":"  File \"/opt/hostedtoolcache/Python/3.12.11/x64/lib/python3.12/site-packages/pluggy/_callers.py\", line 38, in run_old_style_hookwrapper\n    res = yield\n          ^^^^^\n  File \"/opt/hostedtoolcache/Python/3.12.11/x64/lib/python3.12/site-packages/pluggy/_callers.py\", line 139, in _multicall\n    teardown.throw(exception)\n  File \"/opt/hostedtoolcache/Python/3.12.11/x64/lib/python3.12/site-packages/pluggy/_callers.py\", line 53, in run_old_style_hookwrapper\n    return result.get_result()\n           ^^^^^^^^^^^^^^^^^^^\n  File \"/opt/hostedtoolcache/Python/3.12.11/x64/lib/python3.12/site-packages/pluggy/_result.py\", line 103, in get_result\n    raise exc.with_traceback(tb)\n  File \"/opt/hostedtoolcache/Python/3.12.11/x64/lib/python3.12/site-packages/pluggy/_callers.py\", line 38, in run_old_style_hookwrapper\n    res = yield\n          ^^^^^\n  File \"/opt/hostedtoolcache/Python/3.12.11/x64/lib/python3.12/site-packages/pluggy/_callers.py\", line 139, in _multicall\n    teardown.throw(exception)\n  File \"/opt/hostedtoolcache/Python/3.12.11/x64/lib/python3.12/site-packages/_pytest/setuponly.py\", line 36, in pytest_fixture_setup\n    return (yield)\n            ^^^^^\n  File \"/opt/hostedtoolcache/Python/3.12.11/x64/lib/python3.12/site-packages/pluggy/_callers.py\", line 121, in _multicall\n    res = hook_impl.function(*args)\n          ^^^^^^^^^^^^^^^^^^^^^^^^^\n  File \"/opt/hostedtoolcache/Python/3.12.11/x64/lib/python3.12/site-packages/_pytest/fixtures.py\", line 1196, in pytest_fixture_setup\n    result = call_fixture_func(fixturefunc, request, kwargs)\n             ^^^^^^^^^^^^^^^^^^^^^^^^^^^^^^^^^^^^^^^^^^^^^^^\n  File \"/opt/hostedtoolcache/Python/3.12.11/x64/lib/python3.12/site-packages/_pytest/fixtures.py\", line 930, in call_fixture_func\n    fixture_result = fixturefunc(**kwargs)\n                     ^^^^^^^^^^^^^^^^^^^^^\n  File \"/home/runner/work/qa_guru_graduation_project_ui/qa_guru_graduation_project_ui/tests/conftest.py\", line 16, in full_opening_home_page\n    .is_opened()\n     ^^^^^^^^^^^\n  File \"/opt/hostedtoolcache/Python/3.12.11/x64/lib/python3.12/site-packages/allure_commons/_allure.py\", line 202, in impl\n    return func(*a, **kw)\n           ^^^^^^^^^^^^^^\n  File \"/home/runner/work/qa_guru_graduation_project_ui/qa_guru_graduation_project_ui/pages/home_page/home_page.py\", line 36, in is_opened\n    s(self.slider).should(EC.by_and(be.visible))\n  File \"/opt/hostedtoolcache/Python/3.12.11/x64/lib/python3.12/site-packages/selene/core/entity.py\", line 132, in should\n    self.wait.for_(condition)\n  File \"/opt/hostedtoolcache/Python/3.12.11/x64/lib/python3.12/site-packages/selene/core/wait.py\", line 150, in for_\n    return self._decorator(self)(logic)(fn)\n           ^^^^^^^^^^^^^^^^^^^^^^^^^^^^^^^^\n  File \"/opt/hostedtoolcache/Python/3.12.11/x64/lib/python3.12/site-packages/selene/support/_logging.py\", line 104, in decorated\n    return for_(fn)\n           ^^^^^^^^\n  File \"/opt/hostedtoolcache/Python/3.12.11/x64/lib/python3.12/site-packages/selene/core/wait.py\", line 148, in logic\n    raise self._hook_failure(failure)\n","steps":[{"name":"Открываем главную страницу","time":{"start":1760533775010,"stop":1760533776793,"duration":1783},"status":"passed","steps":[],"attachments":[],"parameters":[],"shouldDisplayMessage":false,"stepsCount":0,"attachmentsCount":0,"hasContent":false,"attachmentStep":false},{"name":"Проверяем что главная страница открылась","time":{"start":1760533776793,"stop":1760533782870,"duration":6077},"status":"failed","statusMessage":"selene.core.exceptions.TimeoutException: Message: \n\nTimed out after 4s, while waiting for:\nbrowser.element(('css selector', '.home-hero__slider')).is visible\n\nReason: NoSuchElementException: no such element: Unable to locate element: {\"method\":\"css selector\",\"selector\":\".home-hero__slider\"}\n  (Session info: chrome=128.0.6613.137); For documentation on this error, please visit: https://www.selenium.dev/documentation/webdriver/troubleshooting/errors#nosuchelementexception\nScreenshot: file:///home/runner/.selene/screenshots/1760532622172/1760532622173.png\nPageSource: file:///home/runner/.selene/screenshots/1760532622172/1760532622173.html\n\n","statusTrace":"  File \"/opt/hostedtoolcache/Python/3.12.11/x64/lib/python3.12/site-packages/allure_commons/_allure.py\", line 202, in impl\n    return func(*a, **kw)\n           ^^^^^^^^^^^^^^\n  File \"/home/runner/work/qa_guru_graduation_project_ui/qa_guru_graduation_project_ui/pages/home_page/home_page.py\", line 36, in is_opened\n    s(self.slider).should(EC.by_and(be.visible))\n  File \"/opt/hostedtoolcache/Python/3.12.11/x64/lib/python3.12/site-packages/selene/core/entity.py\", line 132, in should\n    self.wait.for_(condition)\n  File \"/opt/hostedtoolcache/Python/3.12.11/x64/lib/python3.12/site-packages/selene/core/wait.py\", line 150, in for_\n    return self._decorator(self)(logic)(fn)\n           ^^^^^^^^^^^^^^^^^^^^^^^^^^^^^^^^\n  File \"/opt/hostedtoolcache/Python/3.12.11/x64/lib/python3.12/site-packages/selene/support/_logging.py\", line 104, in decorated\n    return for_(fn)\n           ^^^^^^^^\n  File \"/opt/hostedtoolcache/Python/3.12.11/x64/lib/python3.12/site-packages/selene/core/wait.py\", line 148, in logic\n    raise self._hook_failure(failure)\n","steps":[{"name":"element('.home-hero__slider'): should be visible","time":{"start":1760533776793,"stop":1760533782870,"duration":6077},"status":"failed","statusMessage":"selene.core.exceptions.TimeoutException: Message: \n\nTimed out after 4s, while waiting for:\nbrowser.element(('css selector', '.home-hero__slider')).is visible\n\nReason: NoSuchElementException: no such element: Unable to locate element: {\"method\":\"css selector\",\"selector\":\".home-hero__slider\"}\n  (Session info: chrome=128.0.6613.137); For documentation on this error, please visit: https://www.selenium.dev/documentation/webdriver/troubleshooting/errors#nosuchelementexception\nScreenshot: file:///home/runner/.selene/screenshots/1760532622172/1760532622173.png\nPageSource: file:///home/runner/.selene/screenshots/1760532622172/1760532622173.html\n\n","statusTrace":"  File \"/opt/hostedtoolcache/Python/3.12.11/x64/lib/python3.12/site-packages/selene/support/_logging.py\", line 104, in decorated\n    return for_(fn)\n           ^^^^^^^^\n  File \"/opt/hostedtoolcache/Python/3.12.11/x64/lib/python3.12/site-packages/selene/core/wait.py\", line 148, in logic\n    raise self._hook_failure(failure)\n","steps":[],"attachments":[],"parameters":[],"shouldDisplayMessage":true,"stepsCount":0,"attachmentsCount":0,"hasContent":true,"attachmentStep":false}],"attachments":[],"parameters":[],"shouldDisplayMessage":false,"stepsCount":1,"attachmentsCount":0,"hasContent":true,"attachmentStep":false}],"attachments":[],"parameters":[],"shouldDisplayMessage":false,"stepsCount":3,"attachmentsCount":0,"hasContent":true,"attachmentStep":false},{"name":"open_smartphones_page","time":{"start":1760533800703,"stop":1760533814461,"duration":13758},"status":"passed","steps":[{"name":"Нажимаем на кнопку 'Каталог' и перейходим на страницу каталога","time":{"start":1760533800703,"stop":1760533802165,"duration":1462},"status":"passed","steps":[{"name":"element('.header__bhead-left > a[href=\"/catalog/\"]'): should be visible and be enabled and have text Каталог","time":{"start":1760533800703,"stop":1760533801777,"duration":1074},"status":"passed","steps":[],"attachments":[],"parameters":[],"shouldDisplayMessage":false,"stepsCount":0,"attachmentsCount":0,"hasContent":false,"attachmentStep":false},{"name":"element('.header__bhead-left > a[href=\"/catalog/\"]'): click","time":{"start":1760533801777,"stop":1760533802165,"duration":388},"status":"passed","steps":[],"attachments":[],"parameters":[],"shouldDisplayMessage":false,"stepsCount":0,"attachmentsCount":0,"hasContent":false,"attachmentStep":false}],"attachments":[],"parameters":[],"shouldDisplayMessage":false,"stepsCount":2,"attachmentsCount":0,"hasContent":true,"attachmentStep":false},{"name":"Наводим курсор на раздел 'Смартфоны'","time":{"start":1760533802165,"stop":1760533808590,"duration":6425},"status":"passed","steps":[{"name":"element('a[data-link=\"category-2017\"]'): should be visible and be enabled and have text Смартфоны","time":{"start":1760533802165,"stop":1760533803167,"duration":1002},"status":"passed","steps":[],"attachments":[],"parameters":[],"shouldDisplayMessage":false,"stepsCount":0,"attachmentsCount":0,"hasContent":false,"attachmentStep":false},{"name":"element('a[data-link=\"category-2017\"]'): hover","time":{"start":1760533803167,"stop":1760533803709,"duration":542},"status":"passed","steps":[],"attachments":[],"parameters":[],"shouldDisplayMessage":false,"stepsCount":0,"attachmentsCount":0,"hasContent":false,"attachmentStep":false},{"name":"element('a[data-link=\"category-2017\"]'): click","time":{"start":1760533803709,"stop":1760533808590,"duration":4881},"status":"passed","steps":[],"attachments":[],"parameters":[],"shouldDisplayMessage":false,"stepsCount":0,"attachmentsCount":0,"hasContent":false,"attachmentStep":false}],"attachments":[],"parameters":[{"name":"need_click","value":"True"}],"shouldDisplayMessage":false,"stepsCount":3,"attachmentsCount":0,"hasContent":true,"attachmentStep":false},{"name":"Открываем страницу 'Смартфоны'","time":{"start":1760533808590,"stop":1760533813537,"duration":4947},"status":"passed","steps":[],"attachments":[],"parameters":[],"shouldDisplayMessage":false,"stepsCount":0,"attachmentsCount":0,"hasContent":false,"attachmentStep":false},{"name":"Проверяем что страница 'Смартфоны' открылась","time":{"start":1760533813537,"stop":1760533814461,"duration":924},"status":"passed","steps":[{"name":"element('xpath', '//h1[text()=\"Смартфоны\"]'): should be visible and have text Смартфоны","time":{"start":1760533813537,"stop":1760533814461,"duration":924},"status":"passed","steps":[],"attachments":[],"parameters":[],"shouldDisplayMessage":false,"stepsCount":0,"attachmentsCount":0,"hasContent":false,"attachmentStep":false}],"attachments":[],"parameters":[],"shouldDisplayMessage":false,"stepsCount":1,"attachmentsCount":0,"hasContent":true,"attachmentStep":false}],"attachments":[],"parameters":[],"shouldDisplayMessage":false,"stepsCount":10,"attachmentsCount":0,"hasContent":true,"attachmentStep":false}],"afterStages":[{"name":"browser_settings::0","time":{"start":1760533782942,"stop":1760533784253,"duration":1311},"status":"passed","steps":[{"name":"Закрытие браузера","time":{"start":1760533784064,"stop":1760533784253,"duration":189},"status":"passed","steps":[],"attachments":[],"parameters":[],"shouldDisplayMessage":false,"stepsCount":0,"attachmentsCount":0,"hasContent":false,"attachmentStep":false}],"attachments":[{"uid":"aa3a1b14bf69c2d3","name":"screenshot","source":"aa3a1b14bf69c2d3.png","type":"image/png","size":381470},{"uid":"de32c2b479020909","name":"page_source","source":"de32c2b479020909.html","type":"text/html","size":1500476},{"uid":"d65cda9ffc1d93","name":"browser_logs","source":"d65cda9ffc1d93.txt","type":"text/plain","size":50},{"uid":"fd58882e20c75fa0","name":"video: b34a37765337c421442ae3d637a095ff","source":"fd58882e20c75fa0.html","type":"text/html","size":193}],"parameters":[],"shouldDisplayMessage":false,"stepsCount":1,"attachmentsCount":4,"hasContent":true,"attachmentStep":false}],"labels":[{"name":"feature","value":"Корзина пользователя"},{"name":"epic","value":"Каталог"},{"name":"tag","value":"ui"},{"name":"tag","value":"smoke"},{"name":"parentSuite","value":"tests.tests_catalog"},{"name":"suite","value":"test_smartphone_cards_have_prices"},{"name":"subSuite","value":"TestSmartphoneCardsHavePrices"},{"name":"host","value":"runnervmwhb2z"},{"name":"thread","value":"2253-MainThread"},{"name":"framework","value":"pytest"},{"name":"language","value":"cpython3"},{"name":"package","value":"tests.tests_catalog.test_smartphone_cards_have_prices"},{"name":"resultFormat","value":"allure2"}],"parameters":[],"links":[],"hidden":false,"retry":false,"extra":{"severity":"normal","retries":[],"categories":[{"name":"Product defects","matchedStatuses":[],"flaky":false}],"history":{"statistic":{"failed":1,"broken":0,"skipped":0,"passed":4,"unknown":0,"total":5},"items":[{"uid":"d071d0360731b09","reportUrl":"https://falinpavel.github.io/qa_guru_graduation_project_ui/4//#testresult/d071d0360731b09","status":"passed","time":{"start":1759918386629,"stop":1759918403910,"duration":17281}},{"uid":"43927ce83f07da19","reportUrl":"https://falinpavel.github.io/qa_guru_graduation_project_ui/3//#testresult/43927ce83f07da19","status":"passed","time":{"start":1759873205068,"stop":1759873221010,"duration":15942}},{"uid":"1e8ffddcc1b5bc2a","reportUrl":"https://falinpavel.github.io/qa_guru_graduation_project_ui/2//#testresult/1e8ffddcc1b5bc2a","status":"passed","time":{"start":1759871346160,"stop":1759871361647,"duration":15487}},{"uid":"fcf80c13959810f6","reportUrl":"https://falinpavel.github.io/qa_guru_graduation_project_ui/1//#testresult/fcf80c13959810f6","status":"passed","time":{"start":1759866569084,"stop":1759866587966,"duration":18882}}]},"tags":["ui","smoke"]},"source":"8ec67d82c36db846.json","parameterValues":[]}