{"uid":"4b4757e66a1912dae1a509f688f20b0f","children":[{"name":"Test defects","children":[{"name":"selenium.common.exceptions.WebDriverException: Message: <html>\r\n<head><title>504 Gateway Time-out</title></head>\r\n<body bgcolor=\"white\">\r\n<center><h1>504 Gateway Time-out</h1></center>\r\n<hr><center>nginx/1.14.2</center>\r\n</body>\r\n</html>","children":[{"name":"test_add_smartphone_of_brand_apple_iphone_to_user_cart[Apple iPhone 17 256 GB green]","uid":"791531e7e16e6148","parentUid":"e14ea03d2287f97bbb1bbb2545788aa3","status":"broken","time":{"start":1760535617263,"stop":1760535617263,"duration":0},"flaky":false,"newFailed":false,"newPassed":false,"newBroken":true,"retriesCount":0,"retriesStatusChange":false,"parameters":["'Apple iPhone 17 256 ГБ зелёный'"],"tags":["ui","end_to_end"]}],"uid":"e14ea03d2287f97bbb1bbb2545788aa3"}],"uid":"bdbf199525818fae7a8651db9eafe741"},{"name":"Product defects","children":[{"name":"selene.core.exceptions.TimeoutException: Message: \n\nTimed out after 4s, while waiting for:\nbrowser.element(('css selector', '.home-hero__slider')).is visible\n\nReason: NoSuchElementException: no such element: Unable to locate element: {\"method\":\"css selector\",\"selector\":\".home-hero__slider\"}\n  (Session info: chrome=128.0.6613.137); For documentation on this error, please visit: https://www.selenium.dev/documentation/webdriver/troubleshooting/errors#nosuchelementexception\nScreenshot: file:///home/runner/.selene/screenshots/1760534946277/1760534946277.png\nPageSource: file:///home/runner/.selene/screenshots/1760534946277/1760534946277.html","children":[{"name":"test_check_all_card_prices_brand_asus","uid":"776b2dbd81ebe8bd","parentUid":"6e0ba0c2677aeefaa352f0a1a80be30f","status":"failed","time":{"start":1760536675579,"stop":1760536675579,"duration":0},"flaky":false,"newFailed":true,"newPassed":false,"newBroken":false,"retriesCount":0,"retriesStatusChange":false,"parameters":[],"tags":["ui","smoke"]}],"uid":"6e0ba0c2677aeefaa352f0a1a80be30f"},{"name":"selene.core.exceptions.TimeoutException: Message: \n\nTimed out after 4s, while waiting for:\nbrowser.element(('css selector', '.home-hero__slider')).is visible\n\nReason: NoSuchElementException: no such element: Unable to locate element: {\"method\":\"css selector\",\"selector\":\".home-hero__slider\"}\n  (Session info: chrome=128.0.6613.137); For documentation on this error, please visit: https://www.selenium.dev/documentation/webdriver/troubleshooting/errors#nosuchelementexception\nScreenshot: file:///home/runner/.selene/screenshots/1760534946277/1760534946278.png\nPageSource: file:///home/runner/.selene/screenshots/1760534946277/1760534946278.html","children":[{"name":"test_user_can_go_to_the_category_from_home_page[Tablets]","uid":"b44aed8add959fb7","parentUid":"cd76a2ba34638937360fc8536a21e3de","status":"failed","time":{"start":1760537038137,"stop":1760537038137,"duration":0},"flaky":false,"newFailed":true,"newPassed":false,"newBroken":false,"retriesCount":0,"retriesStatusChange":false,"parameters":["'Планшеты'"],"tags":["ui","regression"]}],"uid":"cd76a2ba34638937360fc8536a21e3de"},{"name":"selene.core.exceptions.TimeoutException: Message: \n\nTimed out after 4s, while waiting for:\nbrowser.element(('css selector', '.home-hero__slider')).is visible\n\nReason: NoSuchElementException: no such element: Unable to locate element: {\"method\":\"css selector\",\"selector\":\".home-hero__slider\"}\n  (Session info: chrome=128.0.6613.137); For documentation on this error, please visit: https://www.selenium.dev/documentation/webdriver/troubleshooting/errors#nosuchelementexception\nScreenshot: file:///home/runner/.selene/screenshots/1760534946277/1760534946279.png\nPageSource: file:///home/runner/.selene/screenshots/1760534946277/1760534946279.html","children":[{"name":"test_user_can_change_new_location_from_present_list[Krasnodar]","uid":"4c4d462077c1c262","parentUid":"9449522b1ace18ed7412226869213f7e","status":"failed","time":{"start":1760537502697,"stop":1760537502697,"duration":0},"flaky":false,"newFailed":true,"newPassed":false,"newBroken":false,"retriesCount":0,"retriesStatusChange":false,"parameters":["'Краснодар'"],"tags":["ui","regression"]}],"uid":"9449522b1ace18ed7412226869213f7e"},{"name":"selene.core.exceptions.TimeoutException: Message: \n\nTimed out after 4s, while waiting for:\nbrowser.element(('css selector', '.header-city__link')).is visible and has text Анапа\n\nReason: StaleElementReferenceException: stale element reference: stale element not found\n  (Session info: chrome=128.0.6613.137); For documentation on this error, please visit: https://www.selenium.dev/documentation/webdriver/troubleshooting/errors#staleelementreferenceexception\nScreenshot: file:///home/runner/.selene/screenshots/1760534946277/1760534946280.png\nPageSource: file:///home/runner/.selene/screenshots/1760534946277/1760534946280.html","children":[{"name":"Пользователь может изменить локацию из предложенного списка в модальном окне","uid":"31d86fc34160d098","parentUid":"ab47ce53bd744654102d8b7429429fed","status":"failed","time":{"start":1760537611621,"stop":1760537628047,"duration":16426},"flaky":false,"newFailed":true,"newPassed":false,"newBroken":false,"retriesCount":0,"retriesStatusChange":false,"parameters":["'Анапа'"],"tags":["ui","regression"]}],"uid":"ab47ce53bd744654102d8b7429429fed"},{"name":"selene.core.exceptions.TimeoutException: Message: \n\nTimed out after 4s, while waiting for:\nbrowser.element(('css selector', '.header-city__link')).is visible and has text Екатеринбург\n\nReason: StaleElementReferenceException: stale element reference: stale element not found\n  (Session info: chrome=128.0.6613.137); For documentation on this error, please visit: https://www.selenium.dev/documentation/webdriver/troubleshooting/errors#staleelementreferenceexception\nScreenshot: file:///home/runner/.selene/screenshots/1760534946277/1760534946281.png\nPageSource: file:///home/runner/.selene/screenshots/1760534946277/1760534946281.html","children":[{"name":"Пользователь может изменить локацию из предложенного списка в модальном окне","uid":"7b30ef67f3ce988c","parentUid":"647f4a3525d902e9d62c4f4fa2ea66f0","status":"failed","time":{"start":1760537666355,"stop":1760537675949,"duration":9594},"flaky":false,"newFailed":false,"newPassed":false,"newBroken":false,"retriesCount":0,"retriesStatusChange":false,"parameters":["'Екатеринбург'"],"tags":["ui","regression"]}],"uid":"647f4a3525d902e9d62c4f4fa2ea66f0"},{"name":"selene.core.exceptions.TimeoutException: Message: \n\nTimed out after 4s, while waiting for:\nbrowser.element(('css selector', '.home-hero__slider')).is visible\n\nReason: NoSuchElementException: no such element: Unable to locate element: {\"method\":\"css selector\",\"selector\":\".home-hero__slider\"}\n  (Session info: chrome=128.0.6613.137); For documentation on this error, please visit: https://www.selenium.dev/documentation/webdriver/troubleshooting/errors#nosuchelementexception\nScreenshot: file:///home/runner/.selene/screenshots/1760534946277/1760534946282.png\nPageSource: file:///home/runner/.selene/screenshots/1760534946277/1760534946282.html","children":[{"name":"test_user_can_change_new_location_from_present_list[Chanty-Mansiysk]","uid":"ba640bb4a530cc6d","parentUid":"d68ceb0470ea9005899d6bdce4dfb388","status":"failed","time":{"start":1760537677311,"stop":1760537677311,"duration":0},"flaky":true,"newFailed":false,"newPassed":false,"newBroken":false,"retriesCount":0,"retriesStatusChange":false,"parameters":["'Ханты-Мансийск'"],"tags":["ui","regression"]}],"uid":"d68ceb0470ea9005899d6bdce4dfb388"}],"uid":"8fb3a91ba5aaf9de24cc8a92edc82b5d"}],"name":"categories"}